<?xml version="1.0" encoding="UTF-8"?>
<robot generator="Robot 7.4.1 (Python 3.12.3 on darwin)" generated="2026-08-28T15:18:03.757652" rpa="false" schemaversion="5">
<suite id="s1" name="WebShopTricentsAutomation" source="/Users/joaolima/Documents/TA-Tricents/WebShopTricentsAutomation">
<suite id="s1-s1" name="Tests" source="/Users/joaolima/Documents/TA-Tricents/WebShopTricentsAutomation/Tests">
<suite id="s1-s1-s1" name="Compras" source="/Users/joaolima/Documents/TA-Tricents/WebShopTricentsAutomation/Tests/Compras">
<suite id="s1-s1-s1-s1" name="Carrinho" source="/Users/joaolima/Documents/TA-Tricents/WebShopTricentsAutomation/Tests/Compras/Carrinho.robot">
<test id="s1-s1-s1-s1-t1" name="CD02 - Remover itens do carrinho" line="20">
<kw name="Iniciar Sessão" owner="Base" type="SETUP">
<kw name="New Browser" owner="Browser">
<msg time="2026-08-28T15:18:04.035525" level="INFO">{"browser": "chromium", "headless": false, "args": ["--window-position=1920,0"], "chromiumSandbox": false, "devtools": false, "handleSIGHUP": true, "handleSIGINT": true, "handleSIGTERM": true, "slowMo": 0.0, "timeout": 30000.0, "tracesDir": "/Users/joaolima/Documents/TA-Tricents/WebShopTricentsAutomation/results/browser/traces/temp/ed07a7cc-16dd-422a-9173-8e6fee010d93"}</msg>
<msg time="2026-08-28T15:18:04.123564" level="INFO">Starting Browser process /Library/Frameworks/Python.framework/Versions/3.12/lib/python3.12/site-packages/Browser/wrapper/index.js using at 127.0.0.1:62637</msg>
<msg time="2026-08-28T15:18:06.627493" level="INFO">Successfully created browser with options: {"browser":"chromium","headless":false,"args":["--window-position=1920,0"],"chromiumSandbox":false,"devtools":false,"handleSIGHUP":true,"handleSIGINT":true,"handleSIGTERM":true,"slowMo":0,"timeout":30000,"tracesDir":"/Users/joaolima/Documents/TA-Tricents/WebShopTricentsAutomation/results/browser/traces/temp/ed07a7cc-16dd-422a-9173-8e6fee010d93"}</msg>
<arg>browser=chromium</arg>
<arg>headless=False</arg>
<arg>args=["--window-position=1920,0"]</arg>
<tag>BrowserControl</tag>
<tag>Setter</tag>
<doc>Create a new playwright Browser with specified options.</doc>
<status status="PASS" start="2026-08-28T15:18:04.034766" elapsed="2.593075"/>
</kw>
<kw name="New Page" owner="Browser">
<msg time="2026-08-28T15:18:11.000382" level="INFO">Successfully initialized new page object and opened url: https://demowebshop.tricentis.com/</msg>
<msg time="2026-08-28T15:18:11.001484" level="INFO">No context was open. New context was automatically opened when this page is created.</msg>
<arg>https://demowebshop.tricentis.com/</arg>
<tag>BrowserControl</tag>
<tag>Setter</tag>
<doc>Open a new Page.</doc>
<status status="PASS" start="2026-08-28T15:18:06.628085" elapsed="4.374181"/>
</kw>
<status status="PASS" start="2026-08-28T15:18:04.034324" elapsed="6.968528"/>
</kw>
<kw name="Get Fake Data" owner="Gerador_dados">
<msg time="2026-08-28T15:18:11.004814" level="INFO">${dados} = {'first_name': 'Sofia Cardoso', 'last_name': 'Freitas', 'email': 'icamara@example.net', 'senha': 'pwd123'}</msg>
<var>${dados}</var>
<status status="PASS" start="2026-08-28T15:18:11.003881" elapsed="0.001088"/>
</kw>
<kw name="Realizo o login" owner="Base">
<kw name="Click" owner="Browser">
<msg time="2026-08-28T15:18:11.007820" level="INFO">Clicks the element '//a[contains(text(),"Log in")]'.</msg>
<arg>${tela_login.button_logar}</arg>
<tag>PageContent</tag>
<tag>Setter</tag>
<doc>Simulates mouse click on the element found by ``selector``.</doc>
<status status="PASS" start="2026-08-28T15:18:11.006823" elapsed="0.551310"/>
</kw>
<kw name="Fill Text" owner="Browser">
<msg time="2026-08-28T15:18:11.559472" level="INFO">Fills the text 'joaoteste@email.com' in the given field.</msg>
<arg>${tela_login.input_email}</arg>
<arg>${email}</arg>
<tag>PageContent</tag>
<tag>Setter</tag>
<doc>Clears and fills the given ``txt`` into the text field found by ``selector``.</doc>
<status status="PASS" start="2026-08-28T15:18:11.558543" elapsed="0.063534"/>
</kw>
<kw name="Fill Text" owner="Browser">
<msg time="2026-08-28T15:18:11.622860" level="INFO">Fills the text 'pwd123' in the given field.</msg>
<arg>${tela_login.input_senha}</arg>
<arg>${senha}</arg>
<tag>PageContent</tag>
<tag>Setter</tag>
<doc>Clears and fills the given ``txt`` into the text field found by ``selector``.</doc>
<status status="PASS" start="2026-08-28T15:18:11.622279" elapsed="0.016302"/>
</kw>
<kw name="Click" owner="Browser">
<msg time="2026-08-28T15:18:11.639215" level="INFO">Clicks the element '//input[@type="submit" and contains(@value, "Log in")]'.</msg>
<arg>${tela_login.button_input_login}</arg>
<tag>PageContent</tag>
<tag>Setter</tag>
<doc>Simulates mouse click on the element found by ``selector``.</doc>
<status status="PASS" start="2026-08-28T15:18:11.638778" elapsed="0.933638"/>
</kw>
<kw name="Validar Resultado Do Login" owner="Base">
<kw name="user_logado" owner="Tela_Inicial">
<kw name="Set Variable" owner="BuiltIn">
<msg time="2026-08-28T15:18:12.576005" level="INFO">${layout_usuario} = //a[@class="account" and contains(text(), "joaoteste@email.com")]</msg>
<var>${layout_usuario}</var>
<arg>//a[@class="account" and contains(text(), "${usuario}")]</arg>
<doc>Returns the given values which can then be assigned to a variables.</doc>
<status status="PASS" start="2026-08-28T15:18:12.574554" elapsed="0.001707"/>
</kw>
<return>
<value>${layout_usuario}</value>
<status status="PASS" start="2026-08-28T15:18:12.576669" elapsed="0.000564"/>
</return>
<msg time="2026-08-28T15:18:12.577668" level="INFO">${usuario} = //a[@class="account" and contains(text(), "joaoteste@email.com")]</msg>
<var>${usuario}</var>
<arg>${email}</arg>
<status status="PASS" start="2026-08-28T15:18:12.573873" elapsed="0.003948"/>
</kw>
<kw name="Run Keyword And Return Status" owner="BuiltIn">
<kw name="Wait For Elements State" owner="Browser">
<msg time="2026-08-28T15:18:12.607302" level="INFO">Waited for Element with selector //a[@class="account" and contains(text(), "joaoteste@email.com")] at state visible</msg>
<arg>${usuario}</arg>
<arg>visible</arg>
<arg>timeout=3s</arg>
<tag>PageContent</tag>
<tag>Wait</tag>
<doc>Waits for the element found by ``selector`` to satisfy state option.</doc>
<status status="PASS" start="2026-08-28T15:18:12.580013" elapsed="0.027518"/>
</kw>
<msg time="2026-08-28T15:18:12.607746" level="INFO">${login_sucesso} = True</msg>
<var>${login_sucesso}</var>
<arg>Wait For Elements State</arg>
<arg>${usuario}</arg>
<arg>visible</arg>
<arg>timeout=3s</arg>
<doc>Runs the specified keyword and returns the status as a Boolean value.</doc>
<status status="PASS" start="2026-08-28T15:18:12.578347" elapsed="0.029471"/>
</kw>
<if>
<branch type="IF" condition="${login_sucesso}">
<return>
<value>SUCESSO</value>
<status status="PASS" start="2026-08-28T15:18:12.608264" elapsed="0.000096"/>
</return>
<status status="PASS" start="2026-08-28T15:18:12.607989" elapsed="0.000473"/>
</branch>
<status status="PASS" start="2026-08-28T15:18:12.607954" elapsed="0.000722"/>
</if>
<kw name="Run Keyword And Return Status" owner="BuiltIn">
<var>${login_erro}</var>
<arg>Wait For Elements State</arg>
<arg>${tela_login.text_erro_login}</arg>
<arg>visible</arg>
<arg>timeout=3s</arg>
<doc>Runs the specified keyword and returns the status as a Boolean value.</doc>
<status status="NOT RUN" start="2026-08-28T15:18:12.609002" elapsed="0.000384"/>
</kw>
<if>
<branch type="IF" condition="${login_erro}">
<return>
<value>ERRO</value>
<status status="NOT RUN" start="2026-08-28T15:18:12.609834" elapsed="0.000090"/>
</return>
<status status="NOT RUN" start="2026-08-28T15:18:12.609623" elapsed="0.000365"/>
</branch>
<status status="NOT RUN" start="2026-08-28T15:18:12.609592" elapsed="0.000448"/>
</if>
<kw name="Fail" owner="BuiltIn">
<arg>Não foi possível identificar o resultado do login.</arg>
<arg>Nenhum elemento de sucesso ou erro foi encontrado.</arg>
<doc>Fails the test with the given message and optionally alters its tags.</doc>
<status status="NOT RUN" start="2026-08-28T15:18:12.610145" elapsed="0.000118"/>
</kw>
<arg>${email}</arg>
<status status="PASS" start="2026-08-28T15:18:12.573036" elapsed="0.037360"/>
</kw>
<arg>joaoteste@email.com</arg>
<arg>${dados}[senha]</arg>
<status status="PASS" start="2026-08-28T15:18:11.005561" elapsed="1.604932"/>
</kw>
<kw name="Seleciono produtos por categoria" owner="Produtos">
<kw name="categorias" owner="Produtos">
<kw name="Set Variable" owner="BuiltIn">
<msg time="2026-08-28T15:18:12.611901" level="INFO">${categoria} = //div[@class="block block-category-navigation"]//div[@class="listbox"]//li//a[contains(text(), "Electronics")]</msg>
<var>${categoria}</var>
<arg>//div[@class="block block-category-navigation"]//div[@class="listbox"]//li//a[contains(text(), "${tipo_categoria}")]</arg>
<doc>Returns the given values which can then be assigned to a variables.</doc>
<status status="PASS" start="2026-08-28T15:18:12.611547" elapsed="0.000438"/>
</kw>
<return>
<value>${categoria}</value>
<status status="PASS" start="2026-08-28T15:18:12.612073" elapsed="0.000090"/>
</return>
<msg time="2026-08-28T15:18:12.612274" level="INFO">${escolher_categoria} = //div[@class="block block-category-navigation"]//div[@class="listbox"]//li//a[contains(text(), "Electronics")]</msg>
<var>${escolher_categoria}</var>
<arg>${categoria}</arg>
<status status="PASS" start="2026-08-28T15:18:12.611266" elapsed="0.001069"/>
</kw>
<kw name="Click" owner="Browser">
<msg time="2026-08-28T15:18:12.612836" level="INFO">Clicks the element '//div[@class="block block-category-navigation"]//div[@class="listbox"]//li//a[contains(text(), "Electronics")]'.</msg>
<arg>${escolher_categoria}</arg>
<tag>PageContent</tag>
<tag>Setter</tag>
<doc>Simulates mouse click on the element found by ``selector``.</doc>
<status status="PASS" start="2026-08-28T15:18:12.612465" elapsed="0.682904"/>
</kw>
<if>
<branch type="IF" condition="'${subcategoria}' != 'None'">
<kw name="subcategorias" owner="Produtos">
<kw name="Set Variable" owner="BuiltIn">
<msg time="2026-08-28T15:18:13.297569" level="INFO">${subcategoria} = //div[@class="sub-category-grid"]//div[@class="sub-category-item"]//h2//a[contains(text(),"Cell phones")]</msg>
<var>${subcategoria}</var>
<arg>//div[@class="sub-category-grid"]//div[@class="sub-category-item"]//h2//a[contains(text(),"${tipo_subcategoria}")]</arg>
<doc>Returns the given values which can then be assigned to a variables.</doc>
<status status="PASS" start="2026-08-28T15:18:13.296978" elapsed="0.000752"/>
</kw>
<return>
<value>${subcategoria}</value>
<status status="PASS" start="2026-08-28T15:18:13.297880" elapsed="0.000140"/>
</return>
<msg time="2026-08-28T15:18:13.298195" level="INFO">${escolher_subcategoria} = //div[@class="sub-category-grid"]//div[@class="sub-category-item"]//h2//a[contains(text(),"Cell phones")]</msg>
<var>${escolher_subcategoria}</var>
<arg>${subcategoria}</arg>
<status status="PASS" start="2026-08-28T15:18:13.296380" elapsed="0.001904"/>
</kw>
<kw name="Click" owner="Browser">
<msg time="2026-08-28T15:18:13.299795" level="INFO">Clicks the element '//div[@class="sub-category-grid"]//div[@class="sub-category-item"]//h2//a[contains(text(),"Cell phones")]'.</msg>
<arg>${escolher_subcategoria}</arg>
<tag>PageContent</tag>
<tag>Setter</tag>
<doc>Simulates mouse click on the element found by ``selector``.</doc>
<status status="PASS" start="2026-08-28T15:18:13.298491" elapsed="0.712705"/>
</kw>
<status status="PASS" start="2026-08-28T15:18:13.295738" elapsed="0.715684"/>
</branch>
<status status="PASS" start="2026-08-28T15:18:13.295698" elapsed="0.715813"/>
</if>
<kw name="selecionar_produto" owner="Produtos">
<kw name="Set Variable" owner="BuiltIn">
<msg time="2026-08-28T15:18:14.012904" level="INFO">${selec_produto} = (//div[@class="product-grid"]//div[2]//h2//a[contains(text(), "Smartphone")])[1]</msg>
<var>${selec_produto}</var>
<arg>(//div[@class="product-grid"]//div[2]//h2//a[contains(text(), "${produto}")])[${index}]</arg>
<doc>Returns the given values which can then be assigned to a variables.</doc>
<status status="PASS" start="2026-08-28T15:18:14.012375" elapsed="0.000655"/>
</kw>
<return>
<value>${selec_produto}</value>
<status status="PASS" start="2026-08-28T15:18:14.013165" elapsed="0.000314"/>
</return>
<msg time="2026-08-28T15:18:14.013733" level="INFO">${escolher_produto} = (//div[@class="product-grid"]//div[2]//h2//a[contains(text(), "Smartphone")])[1]</msg>
<var>${escolher_produto}</var>
<arg>${produtos}</arg>
<arg>${index}</arg>
<status status="PASS" start="2026-08-28T15:18:14.011764" elapsed="0.002084"/>
</kw>
<kw name="Click" owner="Browser">
<msg time="2026-08-28T15:18:14.015018" level="INFO">Clicks the element '(//div[@class="product-grid"]//div[2]//h2//a[contains(text(), "Smartphone")])[1]'.</msg>
<arg>${escolher_produto}</arg>
<tag>PageContent</tag>
<tag>Setter</tag>
<doc>Simulates mouse click on the element found by ``selector``.</doc>
<status status="PASS" start="2026-08-28T15:18:14.014087" elapsed="1.307794"/>
</kw>
<arg>Electronics</arg>
<arg>Smartphone</arg>
<arg>Cell phones</arg>
<status status="PASS" start="2026-08-28T15:18:12.610843" elapsed="2.711324"/>
</kw>
<kw name="Adiciono ao carrinho" owner="Carrinho">
<kw name="Fill Text" owner="Browser">
<msg time="2026-08-28T15:18:15.323849" level="INFO">Fills the text '1' in the given field.</msg>
<arg>${tela_detalhes_produto.input_quantidade}</arg>
<arg>${quantidade}</arg>
<tag>PageContent</tag>
<tag>Setter</tag>
<doc>Clears and fills the given ``txt`` into the text field found by ``selector``.</doc>
<status status="PASS" start="2026-08-28T15:18:15.323113" elapsed="0.221811"/>
</kw>
<kw name="Click" owner="Browser">
<msg time="2026-08-28T15:18:15.545805" level="INFO">Clicks the element '//div[@class="overview"]//input[@type="button" and @value="Add to cart"]'.</msg>
<arg>${tela_detalhes_produto.button_add_carrinho}</arg>
<tag>PageContent</tag>
<tag>Setter</tag>
<doc>Simulates mouse click on the element found by ``selector``.</doc>
<status status="PASS" start="2026-08-28T15:18:15.545183" elapsed="0.023103"/>
</kw>
<kw name="Get Text" owner="Browser">
<msg time="2026-08-28T15:18:16.390211" level="INFO">Text: 'The product has been added to your shopping cart'</msg>
<arg>${tela_login.text_add_carrinho_sucess}</arg>
<tag>Assertion</tag>
<tag>Getter</tag>
<tag>PageContent</tag>
<doc>Returns text attribute of the element found by ``selector``.</doc>
<status status="PASS" start="2026-08-28T15:18:15.568525" elapsed="0.821896"/>
</kw>
<kw name="Wait For Elements State" owner="Browser">
<msg time="2026-08-28T15:18:16.394633" level="INFO">Waited for Element with selector //div[@id="bar-notification"]/p[@class="content"] at state visible</msg>
<arg>${tela_login.text_add_carrinho_sucess}</arg>
<arg>visible</arg>
<tag>PageContent</tag>
<tag>Wait</tag>
<doc>Waits for the element found by ``selector`` to satisfy state option.</doc>
<status status="PASS" start="2026-08-28T15:18:16.390677" elapsed="0.004157"/>
</kw>
<arg>1</arg>
<status status="PASS" start="2026-08-28T15:18:15.322541" elapsed="1.072450"/>
</kw>
<kw name="Seleciono produtos por categoria" owner="Produtos">
<kw name="categorias" owner="Produtos">
<kw name="Set Variable" owner="BuiltIn">
<msg time="2026-08-28T15:18:16.396493" level="INFO">${categoria} = //div[@class="block block-category-navigation"]//div[@class="listbox"]//li//a[contains(text(), "Books")]</msg>
<var>${categoria}</var>
<arg>//div[@class="block block-category-navigation"]//div[@class="listbox"]//li//a[contains(text(), "${tipo_categoria}")]</arg>
<doc>Returns the given values which can then be assigned to a variables.</doc>
<status status="PASS" start="2026-08-28T15:18:16.396160" elapsed="0.000402"/>
</kw>
<return>
<value>${categoria}</value>
<status status="PASS" start="2026-08-28T15:18:16.396646" elapsed="0.000188"/>
</return>
<msg time="2026-08-28T15:18:16.396997" level="INFO">${escolher_categoria} = //div[@class="block block-category-navigation"]//div[@class="listbox"]//li//a[contains(text(), "Books")]</msg>
<var>${escolher_categoria}</var>
<arg>${categoria}</arg>
<status status="PASS" start="2026-08-28T15:18:16.395890" elapsed="0.001182"/>
</kw>
<kw name="Click" owner="Browser">
<msg time="2026-08-28T15:18:16.397614" level="INFO">Clicks the element '//div[@class="block block-category-navigation"]//div[@class="listbox"]//li//a[contains(text(), "Books")]'.</msg>
<arg>${escolher_categoria}</arg>
<tag>PageContent</tag>
<tag>Setter</tag>
<doc>Simulates mouse click on the element found by ``selector``.</doc>
<status status="PASS" start="2026-08-28T15:18:16.397203" elapsed="0.687692"/>
</kw>
<if>
<branch type="IF" condition="'${subcategoria}' != 'None'">
<kw name="subcategorias" owner="Produtos">
<var>${escolher_subcategoria}</var>
<arg>${subcategoria}</arg>
<status status="NOT RUN" start="2026-08-28T15:18:17.086532" elapsed="0.000334"/>
</kw>
<kw name="Click" owner="Browser">
<arg>${escolher_subcategoria}</arg>
<tag>PageContent</tag>
<tag>Setter</tag>
<doc>Simulates mouse click on the element found by ``selector``.</doc>
<status status="NOT RUN" start="2026-08-28T15:18:17.087155" elapsed="0.000152"/>
</kw>
<status status="NOT RUN" start="2026-08-28T15:18:17.085310" elapsed="0.002110"/>
</branch>
<status status="PASS" start="2026-08-28T15:18:17.085261" elapsed="0.002250"/>
</if>
<kw name="selecionar_produto" owner="Produtos">
<kw name="Set Variable" owner="BuiltIn">
<msg time="2026-08-28T15:18:17.088777" level="INFO">${selec_produto} = (//div[@class="product-grid"]//div[2]//h2//a[contains(text(), "Computing and Internet")])[1]</msg>
<var>${selec_produto}</var>
<arg>(//div[@class="product-grid"]//div[2]//h2//a[contains(text(), "${produto}")])[${index}]</arg>
<doc>Returns the given values which can then be assigned to a variables.</doc>
<status status="PASS" start="2026-08-28T15:18:17.088221" elapsed="0.000700"/>
</kw>
<return>
<value>${selec_produto}</value>
<status status="PASS" start="2026-08-28T15:18:17.089066" elapsed="0.000135"/>
</return>
<msg time="2026-08-28T15:18:17.089365" level="INFO">${escolher_produto} = (//div[@class="product-grid"]//div[2]//h2//a[contains(text(), "Computing and Internet")])[1]</msg>
<var>${escolher_produto}</var>
<arg>${produtos}</arg>
<arg>${index}</arg>
<status status="PASS" start="2026-08-28T15:18:17.087705" elapsed="0.001759"/>
</kw>
<kw name="Click" owner="Browser">
<msg time="2026-08-28T15:18:17.090830" level="INFO">Clicks the element '(//div[@class="product-grid"]//div[2]//h2//a[contains(text(), "Computing and Internet")])[1]'.</msg>
<arg>${escolher_produto}</arg>
<tag>PageContent</tag>
<tag>Setter</tag>
<doc>Simulates mouse click on the element found by ``selector``.</doc>
<status status="PASS" start="2026-08-28T15:18:17.089657" elapsed="0.814039"/>
</kw>
<arg>Books</arg>
<arg>Computing and Internet</arg>
<status status="PASS" start="2026-08-28T15:18:16.395352" elapsed="1.508828"/>
</kw>
<kw name="Adiciono ao carrinho" owner="Carrinho">
<kw name="Fill Text" owner="Browser">
<msg time="2026-08-28T15:18:17.906182" level="INFO">Fills the text '3' in the given field.</msg>
<arg>${tela_detalhes_produto.input_quantidade}</arg>
<arg>${quantidade}</arg>
<tag>PageContent</tag>
<tag>Setter</tag>
<doc>Clears and fills the given ``txt`` into the text field found by ``selector``.</doc>
<status status="PASS" start="2026-08-28T15:18:17.905372" elapsed="0.023189"/>
</kw>
<kw name="Click" owner="Browser">
<msg time="2026-08-28T15:18:17.929416" level="INFO">Clicks the element '//div[@class="overview"]//input[@type="button" and @value="Add to cart"]'.</msg>
<arg>${tela_detalhes_produto.button_add_carrinho}</arg>
<tag>PageContent</tag>
<tag>Setter</tag>
<doc>Simulates mouse click on the element found by ``selector``.</doc>
<status status="PASS" start="2026-08-28T15:18:17.928817" elapsed="0.038514"/>
</kw>
<kw name="Get Text" owner="Browser">
<msg time="2026-08-28T15:18:18.775115" level="INFO">Text: 'The product has been added to your shopping cart'</msg>
<arg>${tela_login.text_add_carrinho_sucess}</arg>
<tag>Assertion</tag>
<tag>Getter</tag>
<tag>PageContent</tag>
<doc>Returns text attribute of the element found by ``selector``.</doc>
<status status="PASS" start="2026-08-28T15:18:17.967696" elapsed="0.807657"/>
</kw>
<kw name="Wait For Elements State" owner="Browser">
<msg time="2026-08-28T15:18:18.781063" level="INFO">Waited for Element with selector //div[@id="bar-notification"]/p[@class="content"] at state visible</msg>
<arg>${tela_login.text_add_carrinho_sucess}</arg>
<arg>visible</arg>
<tag>PageContent</tag>
<tag>Wait</tag>
<doc>Waits for the element found by ``selector`` to satisfy state option.</doc>
<status status="PASS" start="2026-08-28T15:18:18.775721" elapsed="0.005579"/>
</kw>
<arg>3</arg>
<status status="PASS" start="2026-08-28T15:18:17.904711" elapsed="0.876771"/>
</kw>
<kw name="Acesso o carrinho" owner="Carrinho">
<kw name="Click" owner="Browser">
<msg time="2026-08-28T15:18:18.783108" level="INFO">Clicks the element '//li[@id='topcartlink']//span[@class='cart-label']'.</msg>
<arg>${tela_carrinho.button_carrinho}</arg>
<tag>PageContent</tag>
<tag>Setter</tag>
<doc>Simulates mouse click on the element found by ``selector``.</doc>
<status status="PASS" start="2026-08-28T15:18:18.782484" elapsed="0.721115"/>
</kw>
<status status="PASS" start="2026-08-28T15:18:18.781922" elapsed="0.721976"/>
</kw>
<kw name="Remover itens do carrinho" owner="Carrinho">
<for flavor="IN">
<iter>
<kw name="remover_itens_carrinho" owner="Carrinho">
<kw name="Set Variable" owner="BuiltIn">
<msg time="2026-08-28T15:18:19.506340" level="INFO">${remover_produto} = //td[@class='product']//a[@class="product-name" and contains(text(), "Smartphone")]/ancestor::tr//input[@type='checkbox']</msg>
<var>${remover_produto}</var>
<arg>//td[@class='product']//a[@class="product-name" and contains(text(), "${nome_produto}")]/ancestor::tr//input[@type='checkbox']</arg>
<doc>Returns the given values which can then be assigned to a variables.</doc>
<status status="PASS" start="2026-08-28T15:18:19.505860" elapsed="0.000634"/>
</kw>
<return>
<value>${remover_produto}</value>
<status status="PASS" start="2026-08-28T15:18:19.506640" elapsed="0.000129"/>
</return>
<msg time="2026-08-28T15:18:19.506927" level="INFO">${remover_itens} = //td[@class='product']//a[@class="product-name" and contains(text(), "Smartphone")]/ancestor::tr//input[@type='checkbox']</msg>
<var>${remover_itens}</var>
<arg>${iten}</arg>
<status status="PASS" start="2026-08-28T15:18:19.505467" elapsed="0.001542"/>
</kw>
<kw name="Wait For Elements State" owner="Browser">
<msg time="2026-08-28T15:18:19.538332" level="INFO">Waited for Element with selector //td[@class='product']//a[@class="product-name" and contains(text(), "Smartphone")]/ancestor::tr//input[@type='checkbox'] at state visible</msg>
<arg>${remover_itens}</arg>
<arg>visible</arg>
<tag>PageContent</tag>
<tag>Wait</tag>
<doc>Waits for the element found by ``selector`` to satisfy state option.</doc>
<status status="PASS" start="2026-08-28T15:18:19.507207" elapsed="0.031345"/>
</kw>
<kw name="Click" owner="Browser">
<msg time="2026-08-28T15:18:19.539315" level="INFO">Clicks the element '//td[@class='product']//a[@class="product-name" and contains(text(), "Smartphone")]/ancestor::tr//input[@type='checkbox']'.</msg>
<arg>${remover_itens}</arg>
<tag>PageContent</tag>
<tag>Setter</tag>
<doc>Simulates mouse click on the element found by ``selector``.</doc>
<status status="PASS" start="2026-08-28T15:18:19.538770" elapsed="0.375265"/>
</kw>
<var name="${iten}">Smartphone</var>
<status status="PASS" start="2026-08-28T15:18:19.505197" elapsed="0.408991"/>
</iter>
<iter>
<kw name="remover_itens_carrinho" owner="Carrinho">
<kw name="Set Variable" owner="BuiltIn">
<msg time="2026-08-28T15:18:19.915020" level="INFO">${remover_produto} = //td[@class='product']//a[@class="product-name" and contains(text(), "Computing and Internet")]/ancestor::tr//input[@type='checkbox']</msg>
<var>${remover_produto}</var>
<arg>//td[@class='product']//a[@class="product-name" and contains(text(), "${nome_produto}")]/ancestor::tr//input[@type='checkbox']</arg>
<doc>Returns the given values which can then be assigned to a variables.</doc>
<status status="PASS" start="2026-08-28T15:18:19.914774" elapsed="0.000325"/>
</kw>
<return>
<value>${remover_produto}</value>
<status status="PASS" start="2026-08-28T15:18:19.915162" elapsed="0.000062"/>
</return>
<msg time="2026-08-28T15:18:19.915297" level="INFO">${remover_itens} = //td[@class='product']//a[@class="product-name" and contains(text(), "Computing and Internet")]/ancestor::tr//input[@type='checkbox']</msg>
<var>${remover_itens}</var>
<arg>${iten}</arg>
<status status="PASS" start="2026-08-28T15:18:19.914520" elapsed="0.000963"/>
</kw>
<kw name="Wait For Elements State" owner="Browser">
<msg time="2026-08-28T15:18:19.918753" level="INFO">Waited for Element with selector //td[@class='product']//a[@class="product-name" and contains(text(), "Computing and Internet")]/ancestor::tr//input[@type='checkbox'] at state visible</msg>
<arg>${remover_itens}</arg>
<arg>visible</arg>
<tag>PageContent</tag>
<tag>Wait</tag>
<doc>Waits for the element found by ``selector`` to satisfy state option.</doc>
<status status="PASS" start="2026-08-28T15:18:19.915586" elapsed="0.003339"/>
</kw>
<kw name="Click" owner="Browser">
<msg time="2026-08-28T15:18:19.919543" level="INFO">Clicks the element '//td[@class='product']//a[@class="product-name" and contains(text(), "Computing and Internet")]/ancestor::tr//input[@type='checkbox']'.</msg>
<arg>${remover_itens}</arg>
<tag>PageContent</tag>
<tag>Setter</tag>
<doc>Simulates mouse click on the element found by ``selector``.</doc>
<status status="PASS" start="2026-08-28T15:18:19.919086" elapsed="0.018508"/>
</kw>
<var name="${iten}">Computing and Internet</var>
<status status="PASS" start="2026-08-28T15:18:19.914313" elapsed="0.023410"/>
</iter>
<var>${iten}</var>
<value>@{itens}</value>
<status status="PASS" start="2026-08-28T15:18:19.504891" elapsed="0.432886"/>
</for>
<kw name="Click" owner="Browser">
<msg time="2026-08-28T15:18:19.938333" level="INFO">Clicks the element '//input[@name="updatecart"]'.</msg>
<arg>${tela_carrinho.button_update_cart}</arg>
<tag>PageContent</tag>
<tag>Setter</tag>
<doc>Simulates mouse click on the element found by ``selector``.</doc>
<status status="PASS" start="2026-08-28T15:18:19.937897" elapsed="0.620318"/>
</kw>
<kw name="Validar Texto no Elemento" owner="Base">
<kw name="Wait For Elements State" owner="Browser">
<msg time="2026-08-28T15:18:20.590378" level="INFO">Waited for Element with selector //div[@class="order-summary-content"] at state visible</msg>
<arg>${seletor}</arg>
<arg>visible</arg>
<arg>timeout=${timeout}</arg>
<tag>PageContent</tag>
<tag>Wait</tag>
<doc>Waits for the element found by ``selector`` to satisfy state option.</doc>
<status status="PASS" start="2026-08-28T15:18:20.560372" elapsed="0.030243"/>
</kw>
<kw name="Get Text" owner="Browser">
<msg time="2026-08-28T15:18:20.605326" level="INFO">Text: 'Your Shopping Cart is empty!'</msg>
<msg time="2026-08-28T15:18:20.605532" level="INFO">${mensagem_obtida} = Your Shopping Cart is empty!</msg>
<var>${mensagem_obtida}</var>
<arg>${seletor}</arg>
<tag>Assertion</tag>
<tag>Getter</tag>
<tag>PageContent</tag>
<doc>Returns text attribute of the element found by ``selector``.</doc>
<status status="PASS" start="2026-08-28T15:18:20.590865" elapsed="0.014728"/>
</kw>
<if>
<branch type="IF" condition="'${mensagem_obtida}' != '${mensagem_esperada}'">
<kw name="Fail" owner="BuiltIn">
<arg>❌ Texto diferente! Esperado: "${mensagem_esperada}" | Obtido: "${mensagem_obtida}"</arg>
<doc>Fails the test with the given message and optionally alters its tags.</doc>
<status status="NOT RUN" start="2026-08-28T15:18:20.606163" elapsed="0.000571"/>
</kw>
<status status="NOT RUN" start="2026-08-28T15:18:20.605775" elapsed="0.001052"/>
</branch>
<status status="PASS" start="2026-08-28T15:18:20.605751" elapsed="0.001128"/>
</if>
<kw name="Log" owner="BuiltIn">
<msg time="2026-08-28T15:18:20.607770" level="INFO">✅ Texto validado: "Your Shopping Cart is empty!"</msg>
<arg>✅ Texto validado: "${mensagem_esperada}"</arg>
<doc>Logs the given message with the given level.</doc>
<status status="PASS" start="2026-08-28T15:18:20.606966" elapsed="0.001170"/>
</kw>
<arg>${tela_carrinho.text_carrinho_vazio}</arg>
<arg>Your Shopping Cart is empty!</arg>
<doc>Aguarda elemento e compara texto</doc>
<status status="PASS" start="2026-08-28T15:18:20.559039" elapsed="0.049203"/>
</kw>
<arg>Smartphone</arg>
<arg>Computing and Internet</arg>
<status status="PASS" start="2026-08-28T15:18:19.504389" elapsed="1.103939"/>
</kw>
<kw name="Take Screenshot" owner="Browser" type="TEARDOWN">
<msg time="2026-08-28T15:18:20.835335" level="INFO" html="true">&lt;/td&gt;&lt;/tr&gt;&lt;tr&gt;&lt;td colspan="3"&gt;&lt;a href="browser/screenshot/robotframework-browser-screenshot-1.png" target="_blank"&gt;&lt;img src="browser/screenshot/robotframework-browser-screenshot-1.png" width="800px"/&gt;&lt;/a&gt;</msg>
<tag>PageContent</tag>
<doc>Takes a screenshot of the current window or element and saves it to disk.</doc>
<status status="PASS" start="2026-08-28T15:18:20.608876" elapsed="0.226684"/>
</kw>
<msg time="2026-08-28T15:18:20.851400" level="INFO">Switching context to context=634339cc-fc89-440e-bdc5-d37b5674c0c5 in CURRENT</msg>
<msg time="2026-08-28T15:18:20.863573" level="INFO">Successfully changed active context: context=634339cc-fc89-440e-bdc5-d37b5674c0c5</msg>
<msg time="2026-08-28T15:18:20.892191" level="INFO">Successfully closed Context</msg>
<status status="PASS" start="2026-08-28T15:18:04.032424" elapsed="16.803417"/>
</test>
<status status="PASS" start="2026-08-28T15:18:03.780118" elapsed="17.113088"/>
</suite>
<status status="PASS" start="2026-08-28T15:18:03.778672" elapsed="17.119654"/>
</suite>
<status status="PASS" start="2026-08-28T15:18:03.777097" elapsed="17.124485"/>
</suite>
<status status="PASS" start="2026-08-28T15:18:03.760771" elapsed="17.142918"/>
</suite>
<statistics>
<total>
<stat pass="1" fail="0" skip="0">All Tests</stat>
</total>
<tag>
</tag>
<suite>
<stat name="WebShopTricentsAutomation" id="s1" pass="1" fail="0" skip="0">WebShopTricentsAutomation</stat>
<stat name="Tests" id="s1-s1" pass="1" fail="0" skip="0">WebShopTricentsAutomation.Tests</stat>
<stat name="Compras" id="s1-s1-s1" pass="1" fail="0" skip="0">WebShopTricentsAutomation.Tests.Compras</stat>
<stat name="Carrinho" id="s1-s1-s1-s1" pass="1" fail="0" skip="0">WebShopTricentsAutomation.Tests.Compras.Carrinho</stat>
</suite>
</statistics>
<errors>
</errors>
</robot>
